179 : 2025-11-27 16:46:12,128 : INFO : telemetry.main : Attempt start. Configuration directory [/home/lincoln/.azure]. Cache directory [/home/lincoln/.azure/telemetry/20251127164611780].
179 : 2025-11-27 16:46:12,129 : INFO : telemetry.records : 1 cache files to upload.
179 : 2025-11-27 16:46:12,129 : INFO : telemetry.records : Processed file /home/lincoln/.azure/telemetry/20251127164611780/cache into 1 records.
179 : 2025-11-27 16:46:12,129 : INFO : telemetry.records : Remove directory /home/lincoln/.azure/telemetry/20251127164611780
179 : 2025-11-27 16:46:12,130 : INFO : telemetry.client : Accumulated 1 events. Flush the clients.
179 : 2025-11-27 16:46:12,130 : INFO : telemetry.client : Flush client c4395b75-49cc-422c-bc95-c7d51aef5d46.
179 : 2025-11-27 16:46:12,303 : INFO : telemetry.sender : Sending 4417 bytes
179 : 2025-11-27 16:46:12,303 : INFO : telemetry.sender : Finish uploading in 0.172956 seconds.
211 : 2025-11-27 16:46:15,304 : INFO : telemetry.main : Attempt start. Configuration directory [/home/lincoln/.azure]. Cache directory [/home/lincoln/.azure/telemetry/20251127164615030].
211 : 2025-11-27 16:46:15,304 : INFO : telemetry.records : 1 cache files to upload.
211 : 2025-11-27 16:46:15,304 : INFO : telemetry.records : Processed file /home/lincoln/.azure/telemetry/20251127164615030/cache into 1 records.
211 : 2025-11-27 16:46:15,305 : INFO : telemetry.records : Remove directory /home/lincoln/.azure/telemetry/20251127164615030
211 : 2025-11-27 16:46:15,305 : INFO : telemetry.client : Accumulated 1 events. Flush the clients.
211 : 2025-11-27 16:46:15,305 : INFO : telemetry.client : Flush client c4395b75-49cc-422c-bc95-c7d51aef5d46.
211 : 2025-11-27 16:46:15,497 : INFO : telemetry.sender : Sending 4315 bytes
211 : 2025-11-27 16:46:15,498 : INFO : telemetry.sender : Finish uploading in 0.191860 seconds.
220 : 2025-11-27 16:46:16,087 : INFO : telemetry.main : Attempt start. Configuration directory [/home/lincoln/.azure]. Cache directory [/home/lincoln/.azure/telemetry/20251127164615876].
220 : 2025-11-27 16:46:16,087 : INFO : telemetry.records : 1 cache files to upload.
220 : 2025-11-27 16:46:16,088 : INFO : telemetry.records : Processed file /home/lincoln/.azure/telemetry/20251127164615876/cache into 1 records.
220 : 2025-11-27 16:46:16,088 : INFO : telemetry.records : Remove directory /home/lincoln/.azure/telemetry/20251127164615876
220 : 2025-11-27 16:46:16,088 : INFO : telemetry.client : Accumulated 1 events. Flush the clients.
220 : 2025-11-27 16:46:16,089 : INFO : telemetry.client : Flush client c4395b75-49cc-422c-bc95-c7d51aef5d46.
220 : 2025-11-27 16:46:16,258 : INFO : telemetry.sender : Sending 4397 bytes
220 : 2025-11-27 16:46:16,258 : INFO : telemetry.sender : Finish uploading in 0.169412 seconds.
235 : 2025-11-27 16:46:17,757 : INFO : telemetry.main : Attempt start. Configuration directory [/home/lincoln/.azure]. Cache directory [/home/lincoln/.azure/telemetry/20251127164617451].
235 : 2025-11-27 16:46:17,758 : INFO : telemetry.records : 1 cache files to upload.
235 : 2025-11-27 16:46:17,758 : INFO : telemetry.records : Processed file /home/lincoln/.azure/telemetry/20251127164617451/cache into 1 records.
235 : 2025-11-27 16:46:17,758 : INFO : telemetry.records : Remove directory /home/lincoln/.azure/telemetry/20251127164617451
235 : 2025-11-27 16:46:17,759 : INFO : telemetry.client : Accumulated 1 events. Flush the clients.
235 : 2025-11-27 16:46:17,759 : INFO : telemetry.client : Flush client c4395b75-49cc-422c-bc95-c7d51aef5d46.
235 : 2025-11-27 16:46:17,931 : INFO : telemetry.sender : Sending 4429 bytes
235 : 2025-11-27 16:46:17,931 : INFO : telemetry.sender : Finish uploading in 0.171893 seconds.
359 : 2025-11-27 16:48:23,014 : INFO : telemetry.main : Attempt start. Configuration directory [/home/lincoln/.azure]. Cache directory [/home/lincoln/.azure/telemetry/20251127164822716].
359 : 2025-11-27 16:48:23,014 : INFO : telemetry.records : 1 cache files to upload.
359 : 2025-11-27 16:48:23,014 : INFO : telemetry.records : Processed file /home/lincoln/.azure/telemetry/20251127164822716/cache into 1 records.
359 : 2025-11-27 16:48:23,015 : INFO : telemetry.records : Remove directory /home/lincoln/.azure/telemetry/20251127164822716
359 : 2025-11-27 16:48:23,015 : INFO : telemetry.client : Accumulated 1 events. Flush the clients.
359 : 2025-11-27 16:48:23,015 : INFO : telemetry.client : Flush client c4395b75-49cc-422c-bc95-c7d51aef5d46.
359 : 2025-11-27 16:48:23,243 : INFO : telemetry.sender : Sending 4538 bytes
359 : 2025-11-27 16:48:23,243 : INFO : telemetry.sender : Finish uploading in 0.227251 seconds.
381 : 2025-11-27 16:48:25,572 : INFO : telemetry.main : Attempt start. Configuration directory [/home/lincoln/.azure]. Cache directory [/home/lincoln/.azure/telemetry/20251127164825396].
381 : 2025-11-27 16:48:25,572 : INFO : telemetry.records : 1 cache files to upload.
381 : 2025-11-27 16:48:25,572 : INFO : telemetry.records : Processed file /home/lincoln/.azure/telemetry/20251127164825396/cache into 1 records.
381 : 2025-11-27 16:48:25,572 : INFO : telemetry.records : Remove directory /home/lincoln/.azure/telemetry/20251127164825396
381 : 2025-11-27 16:48:25,573 : INFO : telemetry.client : Accumulated 1 events. Flush the clients.
381 : 2025-11-27 16:48:25,573 : INFO : telemetry.client : Flush client c4395b75-49cc-422c-bc95-c7d51aef5d46.
381 : 2025-11-27 16:48:25,718 : INFO : telemetry.sender : Sending 4595 bytes
381 : 2025-11-27 16:48:25,718 : INFO : telemetry.sender : Finish uploading in 0.144607 seconds.
394 : 2025-11-27 16:48:27,774 : INFO : telemetry.main : Attempt start. Configuration directory [/home/lincoln/.azure]. Cache directory [/home/lincoln/.azure/telemetry/20251127164827644].
394 : 2025-11-27 16:48:27,775 : INFO : telemetry.records : 1 cache files to upload.
394 : 2025-11-27 16:48:27,775 : INFO : telemetry.records : Processed file /home/lincoln/.azure/telemetry/20251127164827644/cache into 1 records.
394 : 2025-11-27 16:48:27,775 : INFO : telemetry.records : Remove directory /home/lincoln/.azure/telemetry/20251127164827644
394 : 2025-11-27 16:48:27,776 : INFO : telemetry.client : Accumulated 1 events. Flush the clients.
394 : 2025-11-27 16:48:27,776 : INFO : telemetry.client : Flush client c4395b75-49cc-422c-bc95-c7d51aef5d46.
394 : 2025-11-27 16:48:27,916 : INFO : telemetry.sender : Sending 4595 bytes
394 : 2025-11-27 16:48:27,916 : INFO : telemetry.sender : Finish uploading in 0.138981 seconds.
407 : 2025-11-27 16:48:29,071 : INFO : telemetry.main : Attempt start. Configuration directory [/home/lincoln/.azure]. Cache directory [/home/lincoln/.azure/telemetry/20251127164828933].
407 : 2025-11-27 16:48:29,071 : INFO : telemetry.records : 1 cache files to upload.
407 : 2025-11-27 16:48:29,071 : INFO : telemetry.records : Processed file /home/lincoln/.azure/telemetry/20251127164828933/cache into 1 records.
407 : 2025-11-27 16:48:29,071 : INFO : telemetry.records : Remove directory /home/lincoln/.azure/telemetry/20251127164828933
407 : 2025-11-27 16:48:29,072 : INFO : telemetry.client : Accumulated 1 events. Flush the clients.
407 : 2025-11-27 16:48:29,072 : INFO : telemetry.client : Flush client c4395b75-49cc-422c-bc95-c7d51aef5d46.
407 : 2025-11-27 16:48:29,216 : INFO : telemetry.sender : Sending 4469 bytes
407 : 2025-11-27 16:48:29,217 : INFO : telemetry.sender : Finish uploading in 0.144288 seconds.
420 : 2025-11-27 16:48:30,288 : INFO : telemetry.main : Attempt start. Configuration directory [/home/lincoln/.azure]. Cache directory [/home/lincoln/.azure/telemetry/20251127164830149].
420 : 2025-11-27 16:48:30,288 : INFO : telemetry.records : 1 cache files to upload.
420 : 2025-11-27 16:48:30,288 : INFO : telemetry.records : Processed file /home/lincoln/.azure/telemetry/20251127164830149/cache into 1 records.
420 : 2025-11-27 16:48:30,289 : INFO : telemetry.records : Remove directory /home/lincoln/.azure/telemetry/20251127164830149
420 : 2025-11-27 16:48:30,289 : INFO : telemetry.client : Accumulated 1 events. Flush the clients.
420 : 2025-11-27 16:48:30,289 : INFO : telemetry.client : Flush client c4395b75-49cc-422c-bc95-c7d51aef5d46.
420 : 2025-11-27 16:48:30,449 : INFO : telemetry.sender : Sending 4504 bytes
420 : 2025-11-27 16:48:30,449 : INFO : telemetry.sender : Finish uploading in 0.159630 seconds.
434 : 2025-11-27 16:48:33,180 : INFO : telemetry.main : Attempt start. Configuration directory [/home/lincoln/.azure]. Cache directory [/home/lincoln/.azure/telemetry/20251127164833047].
434 : 2025-11-27 16:48:33,181 : INFO : telemetry.records : 1 cache files to upload.
434 : 2025-11-27 16:48:33,181 : INFO : telemetry.records : Processed file /home/lincoln/.azure/telemetry/20251127164833047/cache into 1 records.
434 : 2025-11-27 16:48:33,181 : INFO : telemetry.records : Remove directory /home/lincoln/.azure/telemetry/20251127164833047
434 : 2025-11-27 16:48:33,182 : INFO : telemetry.client : Accumulated 1 events. Flush the clients.
434 : 2025-11-27 16:48:33,182 : INFO : telemetry.client : Flush client c4395b75-49cc-422c-bc95-c7d51aef5d46.
434 : 2025-11-27 16:48:33,329 : INFO : telemetry.sender : Sending 4468 bytes
434 : 2025-11-27 16:48:33,329 : INFO : telemetry.sender : Finish uploading in 0.147060 seconds.
